<?xml version="1.0" encoding="UTF-8"?>
<!-- Generated by org.testng.reporters.JUnitReportReporter -->
<testsuite hostname="DESKTOP-O7V7EB1" failures="0" tests="6" name="com.testim.featutesTest.LoginTest" time="3.791" errors="0" timestamp="2025-01-31T12:58:38 IST" skipped="0">
  <testcase classname="com.testim.featutesTest.LoginTest" name="loginWithValidUserNamePassword" time="0.984"/>
  <system-out/>
  <testcase classname="com.testim.featutesTest.LoginTest" name="loginWithInvalidUserNamePassword" time="0.520"/>
  <system-out/>
  <testcase classname="com.testim.featutesTest.LoginTest" name="loginWithInvalidUserNamePassword" time="0.349"/>
  <system-out/>
  <testcase classname="com.testim.featutesTest.LoginTest" name="loginWithInvalidUserNamePassword" time="0.343"/>
  <system-out/>
  <testcase classname="com.testim.featutesTest.LoginTest" name="loginWithoutEnterUsernamePassword" time="1.428"/>
  <system-out/>
  <testcase classname="com.testim.featutesTest.LoginTest" name="loginWithoutEnterPassword" time="0.167"/>
  <system-out/>
</testsuite> <!-- com.testim.featutesTest.LoginTest -->
