<?xml version="1.0" encoding="UTF-8"?>
<!-- Generated by org.testng.reporters.JUnitReportReporter -->
<testsuite hostname="DESKTOP-O7V7EB1" failures="0" tests="1" name="com.testim.featutesTest.BuyProductFlowTest" time="3.188" errors="0" timestamp="2025-02-05T12:08:06 IST" skipped="0">
  <testcase classname="com.testim.featutesTest.BuyProductFlowTest" name="checkBuyProductE2EFlow" time="3.188"/>
  <system-out/>
</testsuite> <!-- com.testim.featutesTest.BuyProductFlowTest -->
