<?xml version="1.0" encoding="UTF-8"?>
<!-- Generated by org.testng.reporters.JUnitReportReporter -->
<testsuite hostname="DESKTOP-O7V7EB1" failures="0" tests="5" name="com.testim.featutesTest.LoginTest" time="3.112" errors="0" timestamp="2025-01-30T23:15:53 IST" skipped="0">
  <testcase classname="com.testim.featutesTest.LoginTest" name="loginWithValidUserNamePassword" time="1.732"/>
  <system-out/>
  <testcase classname="com.testim.featutesTest.LoginTest" name="loginWithInvalidUserNamePassword" time="0.364"/>
  <system-out/>
  <testcase classname="com.testim.featutesTest.LoginTest" name="loginWithInvalidUserNamePassword" time="0.362"/>
  <system-out/>
  <testcase classname="com.testim.featutesTest.LoginTest" name="loginWithInvalidUserNamePassword" time="0.421"/>
  <system-out/>
  <testcase classname="com.testim.featutesTest.LoginTest" name="loginWithoutEnterUsernamePassword" time="0.233"/>
  <system-out/>
</testsuite> <!-- com.testim.featutesTest.LoginTest -->
