<?xml version="1.0" encoding="UTF-8"?>
<!-- Generated by org.testng.reporters.JUnitReportReporter -->
<testsuite hostname="DESKTOP-O7V7EB1" failures="0" tests="4" name="com.testim.featutesTest.LoginTest" time="2.747" errors="0" timestamp="2025-01-30T19:02:38 IST" skipped="0">
  <testcase classname="com.testim.featutesTest.LoginTest" name="loginWithValidUserNamePassword" time="0.618"/>
  <system-out/>
  <testcase classname="com.testim.featutesTest.LoginTest" name="loginWithInvalidUserNamePassword" time="1.486"/>
  <system-out/>
  <testcase classname="com.testim.featutesTest.LoginTest" name="loginWithInvalidUserNamePassword" time="0.333"/>
  <system-out/>
  <testcase classname="com.testim.featutesTest.LoginTest" name="loginWithInvalidUserNamePassword" time="0.310"/>
  <system-out/>
</testsuite> <!-- com.testim.featutesTest.LoginTest -->
